<?xml version="1.0" encoding="UTF-8"?>
<testsuite xmlns:xsi="http://www.w3.org/2001/XMLSchema-instance" xsi:noNamespaceSchemaLocation="https://maven.apache.org/surefire/maven-surefire-plugin/xsd/surefire-test-report.xsd" version="3.0.2" name="com.inawulot.wallet.web.CryptoPriceControllerTest" time="0.871" tests="2" errors="0" skipped="0" failures="0">
  <properties>
[...]
</properties>
  <testcase name="listsTrackedCryptoPrices" classname="com.inawulot.wallet.web.CryptoPriceControllerTest" time="0.551">
    <system-out><![CDATA[2026-06-15T10:49:41.775+01:00  INFO 9868 --- [           main] t.c.s.AnnotationConfigContextLoaderUtils : Could not detect default configuration classes for test class [com.inawulot.wallet.web.CryptoPriceControllerTest]: CryptoPriceControllerTest does not declare any static, non-private, non-final, nested classes annotated with @Configuration.
2026-06-15T10:49:41.927+01:00  INFO 9868 --- [           main] .b.t.c.SpringBootTestContextBootstrapper : Found @SpringBootConfiguration com.inawulot.wallet.WalletMvpApplication for test class com.inawulot.wallet.web.CryptoPriceControllerTest
]]></system-out>
  </testcase>
  <testcase name="returnsSingleCryptoPrice" classname="com.inawulot.wallet.web.CryptoPriceControllerTest" time="0.104"/>
</testsuite>